<?xml version="1.0" encoding="UTF-8"?>
<testsuite xmlns:xsi="http://www.w3.org/2001/XMLSchema-instance" xsi:noNamespaceSchemaLocation="https://maven.apache.org/surefire/maven-surefire-plugin/xsd/surefire-test-report-3.0.xsd" version="3.0" name="ru.yandex.review_service.service.ReviewServiceTest" time="7.756" tests="5" errors="0" skipped="0" failures="0">
  <properties>
[...]
</properties>
  <testcase name="create_goodResult" classname="ru.yandex.review_service.service.ReviewServiceTest" time="0.338">
    <system-out><![CDATA[2024-12-09T01:23:11.760+03:00  INFO 35332 --- [review_service] [           main] t.c.s.AnnotationConfigContextLoaderUtils : Could not detect default configuration classes for test class [ru.yandex.review_service.service.ReviewServiceTest]: ReviewServiceTest does not declare any static, non-private, non-final, nested classes annotated with @Configuration.
2024-12-09T01:23:11.790+03:00  INFO 35332 --- [review_service] [           main] org.testcontainers.images.PullPolicy     : Image pull policy will be performed by: DefaultPullPolicy()
2024-12-09T01:23:11.793+03:00  INFO 35332 --- [review_service] [           main] o.t.utility.ImageNameSubstitutor         : Image name substitution will be performed by: DefaultImageNameSubstitutor (composite of 'ConfigurationFileImageNameSubstitutor' and 'PrefixingImageNameSubstitutor')
2024-12-09T01:23:11.977+03:00  INFO 35332 --- [review_service] [           main] o.t.d.DockerClientProviderStrategy       : Loaded org.testcontainers.dockerclient.NpipeSocketClientProviderStrategy from ~/.testcontainers.properties, will try it first
2024-12-09T01:23:12.317+03:00  INFO 35332 --- [review_service] [           main] o.t.d.DockerClientProviderStrategy       : Found Docker environment with local Npipe socket (npipe:////./pipe/docker_engine)
2024-12-09T01:23:12.318+03:00  INFO 35332 --- [review_service] [           main] org.testcontainers.DockerClientFactory   : Docker host IP address is localhost
2024-12-09T01:23:12.336+03:00  INFO 35332 --- [review_service] [           main] org.testcontainers.DockerClientFactory   : Connected to docker: 
  Server Version: 26.1.1
  API Version: 1.45
  Operating System: Docker Desktop
  Total Memory: 15923 MB
2024-12-09T01:23:12.363+03:00  INFO 35332 --- [review_service] [           main] tc.testcontainers/ryuk:0.7.0             : Creating container for image: testcontainers/ryuk:0.7.0
2024-12-09T01:23:12.552+03:00  INFO 35332 --- [review_service] [           main] o.t.utility.RegistryAuthLocator          : Credential helper/store (docker-credential-desktop) does not have credentials for https://index.docker.io/v1/
2024-12-09T01:23:12.681+03:00  INFO 35332 --- [review_service] [           main] tc.testcontainers/ryuk:0.7.0             : Container testcontainers/ryuk:0.7.0 is starting: 522941afc146973ad74253e1a92bd4ee11d53817fe1abcb2a87ec8111f752b52
2024-12-09T01:23:13.163+03:00  INFO 35332 --- [review_service] [           main] tc.testcontainers/ryuk:0.7.0             : Container testcontainers/ryuk:0.7.0 started in PT0.7996665S
2024-12-09T01:23:13.169+03:00  INFO 35332 --- [review_service] [           main] o.t.utility.RyukResourceReaper           : Ryuk started - will monitor and terminate Testcontainers containers on JVM exit
2024-12-09T01:23:13.169+03:00  INFO 35332 --- [review_service] [           main] org.testcontainers.DockerClientFactory   : Checking the system...
2024-12-09T01:23:13.170+03:00  INFO 35332 --- [review_service] [           main] org.testcontainers.DockerClientFactory   : ?? Docker server version should be at least 1.6.0
2024-12-09T01:23:13.194+03:00  INFO 35332 --- [review_service] [           main] .b.t.c.SpringBootTestContextBootstrapper : Found @SpringBootConfiguration ru.yandex.review_service.ReviewServiceApplication for test class ru.yandex.review_service.service.ReviewServiceTest
2024-12-09T01:23:13.200+03:00  INFO 35332 --- [review_service] [           main] tc.postgres:15                           : Creating container for image: postgres:15
2024-12-09T01:23:13.264+03:00  INFO 35332 --- [review_service] [           main] tc.postgres:15                           : Container postgres:15 is starting: 9f8f5c34a5707a0ea6dd50504b2fab13e9d707cdc0dd360a3ed31504cf13dc99
2024-12-09T01:23:14.858+03:00  INFO 35332 --- [review_service] [           main] tc.postgres:15                           : Container postgres:15 started in PT1.6573408S
2024-12-09T01:23:14.859+03:00  INFO 35332 --- [review_service] [           main] tc.postgres:15                           : Container is started (JDBC URL: jdbc:postgresql://localhost:63915/test?loggerLevel=OFF)

  .   ____          _            __ _ _
 /\\ / ___'_ __ _ _(_)_ __  __ _ \ \ \ \
( ( )\___ | '_ | '_| | '_ \/ _` | \ \ \ \
 \\/  ___)| |_)| | | | | || (_| |  ) ) ) )
  '  |____| .__|_| |_|_| |_\__, | / / / /
 =========|_|==============|___/=/_/_/_/

 :: Spring Boot ::                (v3.3.5)

2024-12-09T01:23:14.995+03:00  INFO 35332 --- [review_service] [           main] r.y.r.service.ReviewServiceTest          : Starting ReviewServiceTest using Java 17.0.2 with PID 35332 (started by Ivan in C:\Users\Ivan\dev\review_service)
2024-12-09T01:23:14.995+03:00  INFO 35332 --- [review_service] [           main] r.y.r.service.ReviewServiceTest          : No active profile set, falling back to 1 default profile: "default"
2024-12-09T01:23:15.467+03:00  INFO 35332 --- [review_service] [           main] .s.d.r.c.RepositoryConfigurationDelegate : Bootstrapping Spring Data JPA repositories in DEFAULT mode.
2024-12-09T01:23:15.531+03:00  INFO 35332 --- [review_service] [           main] .s.d.r.c.RepositoryConfigurationDelegate : Finished Spring Data repository scanning in 53 ms. Found 3 JPA repository interfaces.
2024-12-09T01:23:15.641+03:00  INFO 35332 --- [review_service] [           main] o.s.cloud.context.scope.GenericScope     : BeanFactory id=e30258bc-d9d1-32c5-90d3-05a3b27e38fc
2024-12-09T01:23:16.148+03:00  INFO 35332 --- [review_service] [           main] liquibase.database                       : Set default schema name to public
2024-12-09T01:23:16.434+03:00  INFO 35332 --- [review_service] [           main] liquibase.changelog                      : Creating database history table with name: public.databasechangelog
2024-12-09T01:23:16.464+03:00  INFO 35332 --- [review_service] [           main] liquibase.changelog                      : Reading from public.databasechangelog
2024-12-09T01:23:16.510+03:00  INFO 35332 --- [review_service] [           main] liquibase.lockservice                    : Successfully acquired change log lock
2024-12-09T01:23:16.512+03:00  INFO 35332 --- [review_service] [           main] liquibase.command                        : Using deploymentId: 3696596512
2024-12-09T01:23:16.514+03:00  INFO 35332 --- [review_service] [           main] liquibase.changelog                      : Reading from public.databasechangelog
2024-12-09T01:23:16.520+03:00  INFO 35332 --- [review_service] [           main] liquibase.ui                             : Running Changeset: db/changelog/changeset/create-review-table.sql::create-tables::ism
2024-12-09T01:23:16.535+03:00  INFO 35332 --- [review_service] [           main] liquibase.changelog                      : Custom SQL executed
2024-12-09T01:23:16.537+03:00  INFO 35332 --- [review_service] [           main] liquibase.changelog                      : ChangeSet db/changelog/changeset/create-review-table.sql::create-tables::ism ran successfully in 16ms
2024-12-09T01:23:16.543+03:00  INFO 35332 --- [review_service] [           main] liquibase.ui                             : Running Changeset: db/changelog/changeset/create-new-review.sql::create-new-users::ism
2024-12-09T01:23:16.547+03:00  INFO 35332 --- [review_service] [           main] liquibase.changelog                      : Custom SQL executed
2024-12-09T01:23:16.548+03:00  INFO 35332 --- [review_service] [           main] liquibase.changelog                      : ChangeSet db/changelog/changeset/create-new-review.sql::create-new-users::ism ran successfully in 5ms
2024-12-09T01:23:16.551+03:00  INFO 35332 --- [review_service] [           main] liquibase.ui                             : Running Changeset: db/changelog/changeset/create-likes-table.sql::raw::includeAll
2024-12-09T01:23:16.555+03:00  INFO 35332 --- [review_service] [           main] liquibase.changelog                      : Custom SQL executed
2024-12-09T01:23:16.556+03:00  INFO 35332 --- [review_service] [           main] liquibase.changelog                      : ChangeSet db/changelog/changeset/create-likes-table.sql::raw::includeAll ran successfully in 5ms
2024-12-09T01:23:16.559+03:00  INFO 35332 --- [review_service] [           main] liquibase.ui                             : Running Changeset: db/changelog/changeset/create-dislikes-table.sql::raw::includeAll
2024-12-09T01:23:16.563+03:00  INFO 35332 --- [review_service] [           main] liquibase.changelog                      : Custom SQL executed
2024-12-09T01:23:16.564+03:00  INFO 35332 --- [review_service] [           main] liquibase.changelog                      : ChangeSet db/changelog/changeset/create-dislikes-table.sql::raw::includeAll ran successfully in 4ms
2024-12-09T01:23:16.573+03:00  INFO 35332 --- [review_service] [           main] liquibase.util                           : UPDATE SUMMARY
2024-12-09T01:23:16.574+03:00  INFO 35332 --- [review_service] [           main] liquibase.util                           : Run:                          4
2024-12-09T01:23:16.574+03:00  INFO 35332 --- [review_service] [           main] liquibase.util                           : Previously run:               0
2024-12-09T01:23:16.574+03:00  INFO 35332 --- [review_service] [           main] liquibase.util                           : Filtered out:                 0
2024-12-09T01:23:16.574+03:00  INFO 35332 --- [review_service] [           main] liquibase.util                           : -------------------------------
2024-12-09T01:23:16.574+03:00  INFO 35332 --- [review_service] [           main] liquibase.util                           : Total change sets:            4
2024-12-09T01:23:16.575+03:00  INFO 35332 --- [review_service] [           main] liquibase.util                           : Update summary generated
2024-12-09T01:23:16.577+03:00  INFO 35332 --- [review_service] [           main] liquibase.command                        : Update command completed successfully.
2024-12-09T01:23:16.577+03:00  INFO 35332 --- [review_service] [           main] liquibase.ui                             : Liquibase: Update has been successful. Rows affected: 5
2024-12-09T01:23:16.581+03:00  INFO 35332 --- [review_service] [           main] liquibase.lockservice                    : Successfully released change log lock
2024-12-09T01:23:16.583+03:00  INFO 35332 --- [review_service] [           main] liquibase.command                        : Command execution complete
2024-12-09T01:23:16.654+03:00  INFO 35332 --- [review_service] [           main] o.hibernate.jpa.internal.util.LogHelper  : HHH000204: Processing PersistenceUnitInfo [name: default]
2024-12-09T01:23:16.711+03:00  INFO 35332 --- [review_service] [           main] org.hibernate.Version                    : HHH000412: Hibernate ORM core version 6.5.3.Final
2024-12-09T01:23:16.745+03:00  INFO 35332 --- [review_service] [           main] o.h.c.internal.RegionFactoryInitiator    : HHH000026: Second-level cache disabled
2024-12-09T01:23:16.867+03:00  INFO 35332 --- [review_service] [           main] o.s.o.j.p.SpringPersistenceUnitInfo      : No LoadTimeWeaver setup: ignoring JPA class transformer
2024-12-09T01:23:16.896+03:00  INFO 35332 --- [review_service] [           main] com.zaxxer.hikari.HikariDataSource       : HikariPool-1 - Starting...
2024-12-09T01:23:16.917+03:00  INFO 35332 --- [review_service] [           main] com.zaxxer.hikari.pool.HikariPool        : HikariPool-1 - Added connection org.postgresql.jdbc.PgConnection@19a2b224
2024-12-09T01:23:16.918+03:00  INFO 35332 --- [review_service] [           main] com.zaxxer.hikari.HikariDataSource       : HikariPool-1 - Start completed.
2024-12-09T01:23:16.945+03:00  WARN 35332 --- [review_service] [           main] org.hibernate.orm.deprecation            : HHH90000025: PostgreSQLDialect does not need to be specified explicitly using 'hibernate.dialect' (remove the property setting and it will be selected by default)
2024-12-09T01:23:17.655+03:00  INFO 35332 --- [review_service] [           main] o.h.e.t.j.p.i.JtaPlatformInitiator       : HHH000489: No JTA platform available (set 'hibernate.transaction.jta.platform' to enable JTA platform integration)
2024-12-09T01:23:17.658+03:00  INFO 35332 --- [review_service] [           main] j.LocalContainerEntityManagerFactoryBean : Initialized JPA EntityManagerFactory for persistence unit 'default'
2024-12-09T01:23:18.047+03:00  WARN 35332 --- [review_service] [           main] JpaBaseConfiguration$JpaWebConfiguration : spring.jpa.open-in-view is enabled by default. Therefore, database queries may be performed during view rendering. Explicitly configure spring.jpa.open-in-view to disable this warning
2024-12-09T01:23:18.526+03:00  INFO 35332 --- [review_service] [           main] r.y.r.service.ReviewServiceTest          : Started ReviewServiceTest in 3.663 seconds (process running for 10.668)
]]></system-out>
  </testcase>
  <testcase name="patch_userIdIsBad" classname="ru.yandex.review_service.service.ReviewServiceTest" time="0.034"/>
  <testcase name="patch_goodResult" classname="ru.yandex.review_service.service.ReviewServiceTest" time="0.022"/>
  <testcase name="findReviewByEventId" classname="ru.yandex.review_service.service.ReviewServiceTest" time="0.099"/>
  <testcase name="deleteReview" classname="ru.yandex.review_service.service.ReviewServiceTest" time="0.02"/>
</testsuite>